<?xml version="1.0" encoding="UTF-8"?>
<testsuite name="org.katelylynn.MainTest" tests="1" skipped="0" failures="0" errors="0" timestamp="2023-04-14T00:14:15" hostname="DESKTOP-7M614VJ" time="0.02">
  <properties/>
  <testcase name="testRuns()" classname="org.katelylynn.MainTest" time="0.02"/>
  <system-out><![CDATA[]]></system-out>
  <system-err><![CDATA[]]></system-err>
</testsuite>
